<?xml version="1.0" encoding="UTF-8"?>
<!-- Generated by org.testng.reporters.JUnitReportReporter -->
<testsuite hostname="DESKTOP-LJUN8GS" failures="0" tests="2" name="tests.LogInTestCases" time="15.405" errors="0" timestamp="2023-05-31T14:44:53 EET" skipped="0">
  <testcase classname="tests.LogInTestCases" name="invalidLogIn" time="6.453"/>
  <system-out/>
  <testcase classname="tests.LogInTestCases" name="validLogIn" time="8.952"/>
  <system-out/>
</testsuite> <!-- tests.LogInTestCases -->
