<?xml version="1.0" encoding="UTF-8"?>
<!-- Generated by org.testng.reporters.JUnitReportReporter -->
<testsuite hostname="DESKTOP-LJUN8GS" failures="0" tests="12" name="tests.RegisterTestCases" time="145.761" errors="0" timestamp="2023-06-03T14:03:01 EET" skipped="0">
  <testcase classname="tests.RegisterTestCases" name="successfulRegister" time="9.486"/>
  <system-out/>
  <testcase classname="tests.RegisterTestCases" name="successfulRegister" time="8.094"/>
  <system-out/>
  <testcase classname="tests.RegisterTestCases" name="unsuccessfulRegister_NoUserNmae" time="21.871"/>
  <system-out/>
  <testcase classname="tests.RegisterTestCases" name="successfulRegister" time="22.080"/>
  <system-out/>
  <testcase classname="tests.RegisterTestCases" name="unsuccessfulRegister_NoPassword" time="8.165"/>
  <system-out/>
  <testcase classname="tests.RegisterTestCases" name="unsuccessfulRegister_NoUserNmae" time="7.282"/>
  <system-out/>
  <testcase classname="tests.RegisterTestCases" name="unsuccessfulRegister_NoUserNmae" time="5.784"/>
  <system-out/>
  <testcase classname="tests.RegisterTestCases" name="unsuccessfulRegister_differentPassword" time="6.982"/>
  <system-out/>
  <testcase classname="tests.RegisterTestCases" name="unsuccessfulRegister_NoPassword" time="5.887"/>
  <system-out/>
  <testcase classname="tests.RegisterTestCases" name="unsuccessfulRegister_differentPassword" time="20.781"/>
  <system-out/>
  <testcase classname="tests.RegisterTestCases" name="unsuccessfulRegister_differentPassword" time="7.915"/>
  <system-out/>
  <testcase classname="tests.RegisterTestCases" name="unsuccessfulRegister_NoPassword" time="21.434"/>
  <system-out/>
</testsuite> <!-- tests.RegisterTestCases -->
