<?xml version="1.0" encoding="UTF-8"?>
<!-- Generated by org.testng.reporters.JUnitReportReporter -->
<testsuite hostname="DESKTOP-LJUN8GS" failures="0" tests="6" name="tests.NewAccountTests" time="66.886" errors="0" timestamp="2023-06-03T14:03:01 EET" skipped="0">
  <testcase classname="tests.NewAccountTests" name="openSavingAccounts" time="5.817"/>
  <system-out/>
  <testcase classname="tests.NewAccountTests" name="openCheckingAccounts" time="21.191"/>
  <system-out/>
  <testcase classname="tests.NewAccountTests" name="openCheckingAccounts" time="5.695"/>
  <system-out/>
  <testcase classname="tests.NewAccountTests" name="openCheckingAccounts" time="6.283"/>
  <system-out/>
  <testcase classname="tests.NewAccountTests" name="openSavingAccounts" time="6.911"/>
  <system-out/>
  <testcase classname="tests.NewAccountTests" name="openSavingAccounts" time="20.989"/>
  <system-out/>
</testsuite> <!-- tests.NewAccountTests -->
