<?xml version="1.0" encoding="UTF-8"?>
<!-- Generated by org.testng.reporters.JUnitReportReporter -->
<testsuite hostname="DESKTOP-LJUN8GS" failures="0" tests="2" name="tests.NewAccountTests" time="15.193" errors="0" timestamp="2023-05-31T14:44:53 EET" skipped="0">
  <testcase classname="tests.NewAccountTests" name="openCheckingAccounts" time="7.462"/>
  <system-out/>
  <testcase classname="tests.NewAccountTests" name="openSavingAccounts" time="7.731"/>
  <system-out/>
</testsuite> <!-- tests.NewAccountTests -->
