<?xml version="1.0" encoding="UTF-8"?>
<!-- Generated by org.testng.reporters.JUnitReportReporter -->
<testsuite hostname="DESKTOP-LJUN8GS" failures="0" tests="3" name="tests.LogInTestCases" time="14.357" errors="0" timestamp="2023-06-03T15:37:31 EET" skipped="1">
  <testcase classname="tests.LogInTestCases" name="invalidLogIn_wrongCredintials" time="6.073"/>
  <system-out/>
  <testcase classname="tests.LogInTestCases" name="invalid_logins_excel" time="3.579">
    <skipped/>
  </testcase> <!-- invalid_logins_excel -->
  <system-out/>
  <testcase classname="tests.LogInTestCases" name="validLogIn" time="4.705"/>
  <system-out/>
</testsuite> <!-- tests.LogInTestCases -->
