<?xml version="1.0" encoding="UTF-8"?>
<!-- Generated by org.testng.reporters.JUnitReportReporter -->
<testsuite hostname="DESKTOP-LJUN8GS" failures="0" tests="1" name="tests.RegisterTestCases" time="8.746" errors="0" timestamp="2023-05-31T16:01:59 EET" skipped="0">
  <testcase classname="tests.RegisterTestCases" name="successfulRegister" time="8.746"/>
  <system-out/>
</testsuite> <!-- tests.RegisterTestCases -->
