<?xml version="1.0" encoding="UTF-8"?>
<!-- Generated by org.testng.reporters.JUnitReportReporter -->
<testsuite hostname="DESKTOP-LJUN8GS" failures="0" tests="2" name="tests.RegisterTestCases" time="30.408" errors="0" timestamp="2023-05-31T14:54:40 EET" skipped="0">
  <testcase classname="tests.RegisterTestCases" name="successfulRegister" time="23.200"/>
  <system-out/>
  <testcase classname="tests.RegisterTestCases" name="successfulRegister" time="7.208"/>
  <system-out/>
</testsuite> <!-- tests.RegisterTestCases -->
