<?xml version="1.0" encoding="UTF-8"?>
<!-- Generated by org.testng.reporters.JUnitReportReporter -->
<testsuite hostname="DESKTOP-LJUN8GS" failures="0" tests="4" name="tests.LogInTestCases" time="56.528" errors="0" timestamp="2023-05-31T14:54:40 EET" skipped="0">
  <testcase classname="tests.LogInTestCases" name="invalidLogIn" time="20.314"/>
  <system-out/>
  <testcase classname="tests.LogInTestCases" name="validLogIn" time="21.449"/>
  <system-out/>
  <testcase classname="tests.LogInTestCases" name="invalidLogIn" time="6.439"/>
  <system-out/>
  <testcase classname="tests.LogInTestCases" name="validLogIn" time="8.326"/>
  <system-out/>
</testsuite> <!-- tests.LogInTestCases -->
