<?xml version="1.0" encoding="UTF-8"?>
<!-- Generated by org.testng.reporters.JUnitReportReporter -->
<testsuite hostname="DESKTOP-LJUN8GS" failures="0" tests="4" name="tests.NewAccountTests" time="56.371" errors="0" timestamp="2023-05-31T14:54:40 EET" skipped="0">
  <testcase classname="tests.NewAccountTests" name="openCheckingAccounts" time="20.360"/>
  <system-out/>
  <testcase classname="tests.NewAccountTests" name="openCheckingAccounts" time="6.822"/>
  <system-out/>
  <testcase classname="tests.NewAccountTests" name="openSavingAccounts" time="7.932"/>
  <system-out/>
  <testcase classname="tests.NewAccountTests" name="openSavingAccounts" time="21.257"/>
  <system-out/>
</testsuite> <!-- tests.NewAccountTests -->
