<?xml version="1.0" encoding="UTF-8"?>
<!-- Generated by org.testng.reporters.JUnitReportReporter -->
<testsuite hostname="DESKTOP-LJUN8GS" failures="0" tests="24" name="tests.FooterTests" time="319.635" errors="0" timestamp="2023-06-06T23:55:03 EET" skipped="0">
  <testcase classname="tests.FooterTests" name="testHomeFooterLinks" time="7.920"/>
  <system-out/>
  <testcase classname="tests.FooterTests" name="testContactUsFooterLinks" time="20.536"/>
  <system-out/>
  <testcase classname="tests.FooterTests" name="testAboutUsFooterLinks" time="21.051"/>
  <system-out/>
  <testcase classname="tests.FooterTests" name="testAboutUsFooterLinks" time="6.397"/>
  <system-out/>
  <testcase classname="tests.FooterTests" name="testProductsFooterLinks" time="14.355"/>
  <system-out/>
  <testcase classname="tests.FooterTests" name="testHomeFooterLinks" time="5.936"/>
  <system-out/>
  <testcase classname="tests.FooterTests" name="testHomeFooterLinks" time="21.988"/>
  <system-out/>
  <testcase classname="tests.FooterTests" name="testLocationFooterLinks" time="14.078"/>
  <system-out/>
  <testcase classname="tests.FooterTests" name="testSiteMapFooterLinks" time="8.076"/>
  <system-out/>
  <testcase classname="tests.FooterTests" name="testLocationFooterLinks" time="24.653"/>
  <system-out/>
  <testcase classname="tests.FooterTests" name="testServicesFooterLinks" time="21.323"/>
  <system-out/>
  <testcase classname="tests.FooterTests" name="testForumFooterLinks" time="22.893"/>
  <system-out/>
  <testcase classname="tests.FooterTests" name="testProductsFooterLinks" time="10.625"/>
  <system-out/>
  <testcase classname="tests.FooterTests" name="testForumFooterLinks" time="10.278"/>
  <system-out/>
  <testcase classname="tests.FooterTests" name="testLocationFooterLinks" time="12.278"/>
  <system-out/>
  <testcase classname="tests.FooterTests" name="testServicesFooterLinks" time="8.127"/>
  <system-out/>
  <testcase classname="tests.FooterTests" name="testForumFooterLinks" time="12.778"/>
  <system-out/>
  <testcase classname="tests.FooterTests" name="testSiteMapFooterLinks" time="20.921"/>
  <system-out/>
  <testcase classname="tests.FooterTests" name="testSiteMapFooterLinks" time="6.833"/>
  <system-out/>
  <testcase classname="tests.FooterTests" name="testAboutUsFooterLinks" time="5.907"/>
  <system-out/>
  <testcase classname="tests.FooterTests" name="testServicesFooterLinks" time="6.282"/>
  <system-out/>
  <testcase classname="tests.FooterTests" name="testContactUsFooterLinks" time="7.044"/>
  <system-out/>
  <testcase classname="tests.FooterTests" name="testProductsFooterLinks" time="22.668"/>
  <system-out/>
  <testcase classname="tests.FooterTests" name="testContactUsFooterLinks" time="6.688"/>
  <system-out/>
</testsuite> <!-- tests.FooterTests -->
