<?xml version="1.0" encoding="UTF-8"?>
<!-- Generated by org.testng.reporters.JUnitReportReporter -->
<testsuite hostname="DESKTOP-LJUN8GS" failures="0" tests="6" name="tests.NewAccountTests" time="78.170" errors="0" timestamp="2023-06-06T23:55:03 EET" skipped="0">
  <testcase classname="tests.NewAccountTests" name="openSavingAccounts" time="7.734"/>
  <system-out/>
  <testcase classname="tests.NewAccountTests" name="openSavingAccounts" time="22.998"/>
  <system-out/>
  <testcase classname="tests.NewAccountTests" name="openCheckingAccounts" time="8.122"/>
  <system-out/>
  <testcase classname="tests.NewAccountTests" name="openCheckingAccounts" time="23.134"/>
  <system-out/>
  <testcase classname="tests.NewAccountTests" name="openCheckingAccounts" time="8.324"/>
  <system-out/>
  <testcase classname="tests.NewAccountTests" name="openSavingAccounts" time="7.858"/>
  <system-out/>
</testsuite> <!-- tests.NewAccountTests -->
