<?xml version="1.0" encoding="UTF-8"?>
<!-- Generated by org.testng.reporters.JUnitReportReporter -->
<testsuite hostname="DESKTOP-LJUN8GS" failures="0" tests="2" name="tests.LogInTestCases" time="46.372" errors="0" timestamp="2023-06-17T19:13:33 EET" skipped="0">
  <testcase classname="tests.LogInTestCases" name="invalidLogIn_wrongCredintials" time="21.268"/>
  <system-out/>
  <testcase classname="tests.LogInTestCases" name="validLogIn" time="25.104"/>
  <system-out/>
</testsuite> <!-- tests.LogInTestCases -->
