<?xml version="1.0" encoding="UTF-8"?>
<!-- Generated by org.testng.reporters.JUnitReportReporter -->
<testsuite hostname="DESKTOP-LJUN8GS" failures="0" tests="12" name="tests.RegisterTestCases" time="168.416" errors="0" timestamp="2023-06-06T23:55:03 EET" skipped="0">
  <testcase classname="tests.RegisterTestCases" name="successfulRegister" time="23.497"/>
  <system-out/>
  <testcase classname="tests.RegisterTestCases" name="unsuccessfulRegister_differentPassword" time="12.105"/>
  <system-out/>
  <testcase classname="tests.RegisterTestCases" name="unsuccessfulRegister_NoPassword" time="9.564"/>
  <system-out/>
  <testcase classname="tests.RegisterTestCases" name="unsuccessfulRegister_NoUserNmae" time="9.363"/>
  <system-out/>
  <testcase classname="tests.RegisterTestCases" name="unsuccessfulRegister_NoPassword" time="8.256"/>
  <system-out/>
  <testcase classname="tests.RegisterTestCases" name="unsuccessfulRegister_NoPassword" time="22.557"/>
  <system-out/>
  <testcase classname="tests.RegisterTestCases" name="successfulRegister" time="8.767"/>
  <system-out/>
  <testcase classname="tests.RegisterTestCases" name="unsuccessfulRegister_NoUserNmae" time="23.953"/>
  <system-out/>
  <testcase classname="tests.RegisterTestCases" name="unsuccessfulRegister_NoUserNmae" time="8.386"/>
  <system-out/>
  <testcase classname="tests.RegisterTestCases" name="unsuccessfulRegister_differentPassword" time="9.270"/>
  <system-out/>
  <testcase classname="tests.RegisterTestCases" name="successfulRegister" time="10.984"/>
  <system-out/>
  <testcase classname="tests.RegisterTestCases" name="unsuccessfulRegister_differentPassword" time="21.714"/>
  <system-out/>
</testsuite> <!-- tests.RegisterTestCases -->
